<?xml version="1.0" encoding="UTF-8"?>
<!-- Generated by org.testng.reporters.JUnitReportReporter -->
<testsuite hostname="NTB-257" failures="0" tests="2" name="Academy.RestAPI3011.DynamicJson36" time="6.436" errors="0" timestamp="2022-12-07T13:23:17 CET" skipped="0">
  <testcase classname="Academy.RestAPI3011.DynamicJson36" name="AddBook" time="5.294"/>
  <system-out/>
  <testcase classname="Academy.RestAPI3011.DynamicJson36" name="AddBook" time="1.142"/>
  <system-out/>
</testsuite> <!-- Academy.RestAPI3011.DynamicJson36 -->
