<?xml version="1.0" encoding="UTF-8"?>
<!-- Generated by org.testng.reporters.JUnitReportReporter -->
<testsuite hostname="NTB-257" failures="0" tests="1" name="Academy.RestAPI3011.DynamicJson33" time="5.585" errors="0" timestamp="2022-12-06T17:02:46 CET" skipped="0">
  <testcase classname="Academy.RestAPI3011.DynamicJson33" name="AddBook" time="5.585"/>
  <system-out/>
</testsuite> <!-- Academy.RestAPI3011.DynamicJson33 -->
