<?xml version="1.0" encoding="UTF-8"?>
<!-- Generated by org.testng.reporters.JUnitReportReporter -->
<testsuite hostname="NTB-257" failures="0" tests="2" name="Academy.RestAPI3011.DynamicJson34" time="5.416" errors="0" timestamp="2022-12-06T17:19:29 CET" skipped="0">
  <testcase classname="Academy.RestAPI3011.DynamicJson34" name="AddBook" time="4.704"/>
  <system-out/>
  <testcase classname="Academy.RestAPI3011.DynamicJson34" name="AddBook" time="0.712"/>
  <system-out/>
</testsuite> <!-- Academy.RestAPI3011.DynamicJson34 -->
