<?xml version="1.0" encoding="UTF-8"?>
<!-- Generated by org.testng.reporters.JUnitReportReporter -->
<testsuite hostname="NTB-257" failures="0" tests="1" name="Academy.RestAPI3011.SumValidation29" time="2.367" errors="0" timestamp="2022-12-02T18:57:09 CET" skipped="0">
  <testcase classname="Academy.RestAPI3011.SumValidation29" name="sumOfCourses" time="2.367"/>
  <system-out/>
</testsuite> <!-- Academy.RestAPI3011.SumValidation29 -->
